TN:
SF:src\components\AddVideoGame\AddVideoGame.js
FN:7,AddVideoGame
FN:19,submitForm
FN:32,(anonymous_2)
FN:37,encodeImageFileAsURL
FN:41,(anonymous_4)
FN:52,(anonymous_5)
FN:64,(anonymous_6)
FN:76,(anonymous_7)
FN:88,(anonymous_8)
FN:100,(anonymous_9)
FNF:10
FNH:7
FNDA:5,AddVideoGame
FNDA:1,submitForm
FNDA:3,(anonymous_2)
FNDA:0,encodeImageFileAsURL
FNDA:0,(anonymous_4)
FNDA:1,(anonymous_5)
FNDA:0,(anonymous_6)
FNDA:1,(anonymous_7)
FNDA:1,(anonymous_8)
FNDA:1,(anonymous_9)
DA:11,5
DA:17,5
DA:20,1
DA:22,1
DA:23,0
DA:24,0
DA:25,0
DA:26,0
DA:28,0
DA:32,5
DA:33,3
DA:34,3
DA:38,0
DA:39,0
DA:41,0
DA:42,0
DA:43,0
DA:46,0
DA:49,5
DA:52,1
DA:64,0
DA:76,1
DA:88,1
DA:100,1
LF:24
LH:12
BRDA:24,0,0,0
BRDA:24,0,1,0
BRF:2
BRH:0
end_of_record
TN:
SF:src\utils\Constants.js
FNF:0
FNH:0
DA:1,1
LF:1
LH:1
BRF:0
BRH:0
end_of_record
